<?xml version="1.0" encoding="UTF-8"?>
<testsuite xmlns:xsi="http://www.w3.org/2001/XMLSchema-instance" xsi:noNamespaceSchemaLocation="https://maven.apache.org/surefire/maven-surefire-plugin/xsd/surefire-test-report.xsd" name="TestSuite" time="114.338" tests="5" errors="0" skipped="0" failures="2">
  <properties>
[...]
</properties>
  <testcase name="footerTest" classname="com.klindziuk.taf.test.FooterTest" time="22.68"/>
  <testcase name="contactUsTest" classname="com.klindziuk.taf.test.ContactUsTest" time="19.819">
    <failure message="&apos;Thanks a million&apos; page is not opened. did not expect to find [true] but found [false]" type="java.lang.AssertionError">java.lang.AssertionError: 'Thanks a million' page is not opened. did not expect to find [true] but found [false]
	at com.klindziuk.taf.test.ContactUsTest.contactUsTest(ContactUsTest.java:64)
</failure>
    <system-out><![CDATA[&amp#27;[0;33m[2020-02-08 16:07:28.222]&amp#27;[m &amp#27;[32m[INFO]&amp#27;[m &amp#27;[0;36m[TestNG-test=Smoke Test Suite-1]&amp#27;[m - &amp#27;[0;35mInstantiating webDriver with hashcode: 82852892
&amp#27;[m&amp#27;[0;33m[2020-02-08 16:07:33.229]&amp#27;[m &amp#27;[32m[INFO]&amp#27;[m &amp#27;[0;36m[TestNG-test=Smoke Test Suite-1]&amp#27;[m - &amp#27;[0;35mStep: Open Home page -->
&amp#27;[m&amp#27;[0;33m[2020-02-08 16:07:36.686]&amp#27;[m &amp#27;[32m[INFO]&amp#27;[m &amp#27;[0;36m[TestNG-test=Smoke Test Suite-1]&amp#27;[m - &amp#27;[0;35mVerification: Verify that 'Home page' is opened...
&amp#27;[m&amp#27;[0;33m[2020-02-08 16:07:36.733]&amp#27;[m &amp#27;[32m[INFO]&amp#27;[m &amp#27;[0;36m[TestNG-test=Smoke Test Suite-1]&amp#27;[m - &amp#27;[0;35mStep: Load 'Contact us' page -->
&amp#27;[m&amp#27;[0;33m[2020-02-08 16:07:37.758]&amp#27;[m &amp#27;[32m[INFO]&amp#27;[m &amp#27;[0;36m[TestNG-test=Smoke Test Suite-1]&amp#27;[m - &amp#27;[0;35mVerification: Verify that 'Contact us' page is opened...
&amp#27;[m&amp#27;[0;33m[2020-02-08 16:07:37.795]&amp#27;[m &amp#27;[32m[INFO]&amp#27;[m &amp#27;[0;36m[TestNG-test=Smoke Test Suite-1]&amp#27;[m - &amp#27;[0;35mStep: Load 'Support' page -->
&amp#27;[m&amp#27;[0;33m[2020-02-08 16:07:40.131]&amp#27;[m &amp#27;[32m[INFO]&amp#27;[m &amp#27;[0;36m[TestNG-test=Smoke Test Suite-1]&amp#27;[m - &amp#27;[0;35mVerification: Verify that 'Support' page is opened...
&amp#27;[m&amp#27;[0;33m[2020-02-08 16:07:40.220]&amp#27;[m &amp#27;[32m[INFO]&amp#27;[m &amp#27;[0;36m[TestNG-test=Smoke Test Suite-1]&amp#27;[m - &amp#27;[0;35mStep: Send 'Help' message -->
&amp#27;[m&amp#27;[0;33m[2020-02-08 16:07:42.393]&amp#27;[m &amp#27;[32m[INFO]&amp#27;[m &amp#27;[0;36m[TestNG-test=Smoke Test Suite-1]&amp#27;[m - &amp#27;[0;35mVerification: Verify that 'Thanks a million' page is opened...
&amp#27;[m&amp#27;[0;33m[2020-02-08 16:07:47.529]&amp#27;[m &amp#27;[32m[INFO]&amp#27;[m &amp#27;[0;36m[TestNG-test=Smoke Test Suite-1]&amp#27;[m - &amp#27;[0;35m=========FAILURE============
&amp#27;[m&amp#27;[0;33m[2020-02-08 16:07:47.529]&amp#27;[m &amp#27;[32m[INFO]&amp#27;[m &amp#27;[0;36m[TestNG-test=Smoke Test Suite-1]&amp#27;[m - &amp#27;[0;35mcontactUsTest()
&amp#27;[m&amp#27;[0;33m[2020-02-08 16:07:47.529]&amp#27;[m &amp#27;[32m[INFO]&amp#27;[m &amp#27;[0;36m[TestNG-test=Smoke Test Suite-1]&amp#27;[m - &amp#27;[0;35m============================
&amp#27;[m&amp#27;[0;33m[2020-02-08 16:07:47.928]&amp#27;[m &amp#27;[32m[INFO]&amp#27;[m &amp#27;[0;36m[TestNG-test=Smoke Test Suite-1]&amp#27;[m - &amp#27;[0;35mTerminating webDriver with hashcode: 82852892
&amp#27;[m]]></system-out>
    <system-err><![CDATA[Starting ChromeDriver 79.0.3945.36 (3582db32b33893869b8c1339e8f4d9ed1816f143-refs/branch-heads/3945@{#614}) on port 28182
Only local connections are allowed.
Please protect ports used by ChromeDriver and related test frameworks to prevent access by malicious code.
Feb 08, 2020 4:07:28 PM org.openqa.selenium.remote.ProtocolHandshake createSession
INFO: Detected dialect: W3C
]]></system-err>
  </testcase>
  <testcase name="loginTest" classname="com.klindziuk.taf.test.LoginTest" time="7.43"/>
  <testcase name="verifyAttachmentTest" classname="com.klindziuk.taf.test.AllureAttachmentTest" time="8.169">
    <failure message="Fail test script to verify Allure attachments." type="java.lang.AssertionError">java.lang.AssertionError: Fail test script to verify Allure attachments.
	at com.klindziuk.taf.test.AllureAttachmentTest.verifyAttachmentTest(AllureAttachmentTest.java:37)
</failure>
    <system-out><![CDATA[&amp#27;[0;33m[2020-02-08 16:07:56.813]&amp#27;[m &amp#27;[32m[INFO]&amp#27;[m &amp#27;[0;36m[TestNG-test=Smoke Test Suite-1]&amp#27;[m - &amp#27;[0;35mInstantiating webDriver with hashcode: 1300066040
&amp#27;[m&amp#27;[0;33m[2020-02-08 16:08:01.818]&amp#27;[m &amp#27;[32m[INFO]&amp#27;[m &amp#27;[0;36m[TestNG-test=Smoke Test Suite-1]&amp#27;[m - &amp#27;[0;35mStep: Open Home page -->
&amp#27;[m&amp#27;[0;33m[2020-02-08 16:08:04.215]&amp#27;[m &amp#27;[32m[INFO]&amp#27;[m &amp#27;[0;36m[TestNG-test=Smoke Test Suite-1]&amp#27;[m - &amp#27;[0;35mVerification: Verify that 'Home page' is opened...
&amp#27;[m&amp#27;[0;33m[2020-02-08 16:08:04.252]&amp#27;[m &amp#27;[32m[INFO]&amp#27;[m &amp#27;[0;36m[TestNG-test=Smoke Test Suite-1]&amp#27;[m - &amp#27;[0;35mStep: 'Scroll to footer' -->
&amp#27;[m&amp#27;[0;33m[2020-02-08 16:08:04.257]&amp#27;[m &amp#27;[32m[INFO]&amp#27;[m &amp#27;[0;36m[TestNG-test=Smoke Test Suite-1]&amp#27;[m - &amp#27;[0;35mVerification: Fail test to verify attachments...
&amp#27;[m&amp#27;[0;33m[2020-02-08 16:08:04.257]&amp#27;[m &amp#27;[32m[INFO]&amp#27;[m &amp#27;[0;36m[TestNG-test=Smoke Test Suite-1]&amp#27;[m - &amp#27;[0;35m=========FAILURE============
&amp#27;[m&amp#27;[0;33m[2020-02-08 16:08:04.257]&amp#27;[m &amp#27;[32m[INFO]&amp#27;[m &amp#27;[0;36m[TestNG-test=Smoke Test Suite-1]&amp#27;[m - &amp#27;[0;35mverifyAttachmentTest()
&amp#27;[m&amp#27;[0;33m[2020-02-08 16:08:04.257]&amp#27;[m &amp#27;[32m[INFO]&amp#27;[m &amp#27;[0;36m[TestNG-test=Smoke Test Suite-1]&amp#27;[m - &amp#27;[0;35m============================
&amp#27;[m&amp#27;[0;33m[2020-02-08 16:08:04.888]&amp#27;[m &amp#27;[32m[INFO]&amp#27;[m &amp#27;[0;36m[TestNG-test=Smoke Test Suite-1]&amp#27;[m - &amp#27;[0;35mTerminating webDriver with hashcode: 1300066040
&amp#27;[m]]></system-out>
    <system-err><![CDATA[Starting ChromeDriver 79.0.3945.36 (3582db32b33893869b8c1339e8f4d9ed1816f143-refs/branch-heads/3945@{#614}) on port 2265
Only local connections are allowed.
Please protect ports used by ChromeDriver and related test frameworks to prevent access by malicious code.
Feb 08, 2020 4:07:56 PM org.openqa.selenium.remote.ProtocolHandshake createSession
INFO: Detected dialect: W3C
]]></system-err>
  </testcase>
  <testcase name="languageSwitchTest" classname="com.klindziuk.taf.test.LanguageTest" time="9.977"/>
</testsuite>